0 info it worked if it ends with ok
1 verbose cli [ 'D:\\Tools\\nodejs\\node.exe',
1 verbose cli   'D:\\Tools\\nodejs\\node_modules\\npm\\bin\\npm-cli.js',
1 verbose cli   'run',
1 verbose cli   'lint' ]
2 info using npm@3.10.10
3 info using node@v6.11.3
4 verbose run-script [ 'prelint', 'lint', 'postlint' ]
5 info lifecycle jsutils@1.0.0~prelint: jsutils@1.0.0
6 silly lifecycle jsutils@1.0.0~prelint: no script for prelint, continuing
7 info lifecycle jsutils@1.0.0~lint: jsutils@1.0.0
8 verbose lifecycle jsutils@1.0.0~lint: unsafe-perm in lifecycle true
9 verbose lifecycle jsutils@1.0.0~lint: PATH: D:\Tools\nodejs\node_modules\npm\bin\node-gyp-bin;G:\Projects\jsutils\node_modules\.bin;D:\Tools\cmder\bin;D:\Tools\cmder\vendor\conemu-maximus5\ConEmu\Scripts;D:\Tools\cmder\vendor\conemu-maximus5;D:\Tools\cmder\vendor\conemu-maximus5\ConEmu;C:\Program Files (x86)\Common Files\Intel\Shared Libraries\redist\intel64\compiler;C:\Windows\system32;C:\Windows;C:\Windows\System32\Wbem;C:\Windows\System32\WindowsPowerShell\v1.0\;C:\Program Files (x86)\NVIDIA Corporation\PhysX\Common;D:\Tools\Git\Git\cmd;D:\Tools\nodejs\;C:\WINDOWS\system32;C:\WINDOWS;C:\WINDOWS\System32\Wbem;C:\WINDOWS\System32\WindowsPowerShell\v1.0\;D:\Tools\cmder;C:\Ruby24-x64\bin;C:\Users\csdoker\AppData\Local\Microsoft\WindowsApps;C:\Users\csdoker\AppData\Roaming\npm;C:\Users\csdoker\AppData\Local\atom\bin;D:\Tools\Git\Git\usr\bin;D:\Tools\Git\Git\usr\share\vim\vim74;D:\Tools\cmder\
10 verbose lifecycle jsutils@1.0.0~lint: CWD: G:\Projects\jsutils
11 silly lifecycle jsutils@1.0.0~lint: Args: [ '/d /s /c', 'jshint src/jsutils.js' ]
12 silly lifecycle jsutils@1.0.0~lint: Returned: code: 2  signal: null
13 info lifecycle jsutils@1.0.0~lint: Failed to exec lint script
14 verbose stack Error: jsutils@1.0.0 lint: `jshint src/jsutils.js`
14 verbose stack Exit status 2
14 verbose stack     at EventEmitter.<anonymous> (D:\Tools\nodejs\node_modules\npm\lib\utils\lifecycle.js:255:16)
14 verbose stack     at emitTwo (events.js:106:13)
14 verbose stack     at EventEmitter.emit (events.js:191:7)
14 verbose stack     at ChildProcess.<anonymous> (D:\Tools\nodejs\node_modules\npm\lib\utils\spawn.js:40:14)
14 verbose stack     at emitTwo (events.js:106:13)
14 verbose stack     at ChildProcess.emit (events.js:191:7)
14 verbose stack     at maybeClose (internal/child_process.js:920:16)
14 verbose stack     at Process.ChildProcess._handle.onexit (internal/child_process.js:230:5)
15 verbose pkgid jsutils@1.0.0
16 verbose cwd G:\Projects\jsutils
17 error Windows_NT 10.0.16299
18 error argv "D:\\Tools\\nodejs\\node.exe" "D:\\Tools\\nodejs\\node_modules\\npm\\bin\\npm-cli.js" "run" "lint"
19 error node v6.11.3
20 error npm  v3.10.10
21 error code ELIFECYCLE
22 error jsutils@1.0.0 lint: `jshint src/jsutils.js`
22 error Exit status 2
23 error Failed at the jsutils@1.0.0 lint script 'jshint src/jsutils.js'.
23 error Make sure you have the latest version of node.js and npm installed.
23 error If you do, this is most likely a problem with the jsutils package,
23 error not with npm itself.
23 error Tell the author that this fails on your system:
23 error     jshint src/jsutils.js
23 error You can get information on how to open an issue for this project with:
23 error     npm bugs jsutils
23 error Or if that isn't available, you can get their info via:
23 error     npm owner ls jsutils
23 error There is likely additional logging output above.
24 verbose exit [ 1, true ]
